<?xml version="1.0" encoding="UTF-8"?>
<!-- Generated by org.testng.reporters.JUnitXMLReporter -->
<testsuite ignored="0" hostname="DESKTOP-D7PUHMF" failures="1" tests="1" name="Test" time="0.561" errors="0" timestamp="2020-01-12T12:54:12 IST">
  <testcase classname="com.tests.TestHelloExample" name="runMe" time="0.372">
    <failure type="java.lang.AssertionError" message="expected [false] but found [true]">
      <![CDATA[java.lang.AssertionError: expected [false] but found [true]
at com.tests.TestHelloExample.runMe(TestHelloExample.java:13)
at java.base/java.util.ArrayList.forEach(ArrayList.java:1540)
... Removed 32 stack frames]]>
    </failure>
  </testcase> <!-- runMe -->
</testsuite> <!-- Test -->
